Analysis & Synthesis report for projidea1
Fri Dec 16 09:32:21 2016
Quartus II 64-Bit Version 14.0.0 Build 200 06/17/2014 SJ Web Edition


---------------------
; Table of Contents ;
---------------------
  1. Legal Notice
  2. Analysis & Synthesis Summary
  3. Analysis & Synthesis Settings
  4. Parallel Compilation
  5. Analysis & Synthesis Source Files Read
  6. Analysis & Synthesis Resource Usage Summary
  7. Analysis & Synthesis Resource Utilization by Entity
  8. State Machine - |projidea1|keyboard:kbIn|state
  9. Registers Removed During Synthesis
 10. General Register Statistics
 11. Inverted Register Statistics
 12. Multiplexer Restructuring Statistics (Restructuring Performed)
 13. Parameter Settings for User Entity Instance: keyboard:kbIn
 14. Port Connectivity Checks: "VGA_gen:gen1"
 15. Post-Synthesis Netlist Statistics for Top Partition
 16. Elapsed Time Per Partition
 17. Analysis & Synthesis Messages
 18. Analysis & Synthesis Suppressed Messages



----------------
; Legal Notice ;
----------------
Copyright (C) 1991-2014 Altera Corporation. All rights reserved.
Your use of Altera Corporation's design tools, logic functions 
and other software and tools, and its AMPP partner logic 
functions, and any output files from any of the foregoing 
(including device programming or simulation files), and any 
associated documentation or information are expressly subject 
to the terms and conditions of the Altera Program License 
Subscription Agreement, the Altera Quartus II License Agreement,
the Altera MegaCore Function License Agreement, or other 
applicable license agreement, including, without limitation, 
that your use is for the sole purpose of programming logic 
devices manufactured by Altera and sold by Altera or its 
authorized distributors.  Please refer to the applicable 
agreement for further details.



+---------------------------------------------------------------------------------+
; Analysis & Synthesis Summary                                                    ;
+------------------------------------+--------------------------------------------+
; Analysis & Synthesis Status        ; Successful - Fri Dec 16 09:32:20 2016      ;
; Quartus II 64-Bit Version          ; 14.0.0 Build 200 06/17/2014 SJ Web Edition ;
; Revision Name                      ; projidea1                                  ;
; Top-level Entity Name              ; projidea1                                  ;
; Family                             ; Cyclone IV E                               ;
; Total logic elements               ; 465                                        ;
;     Total combinational functions  ; 432                                        ;
;     Dedicated logic registers      ; 166                                        ;
; Total registers                    ; 166                                        ;
; Total pins                         ; 60                                         ;
; Total virtual pins                 ; 0                                          ;
; Total memory bits                  ; 0                                          ;
; Embedded Multiplier 9-bit elements ; 0                                          ;
; Total PLLs                         ; 0                                          ;
+------------------------------------+--------------------------------------------+


+----------------------------------------------------------------------------------------------------------------------+
; Analysis & Synthesis Settings                                                                                        ;
+----------------------------------------------------------------------------+--------------------+--------------------+
; Option                                                                     ; Setting            ; Default Value      ;
+----------------------------------------------------------------------------+--------------------+--------------------+
; Device                                                                     ; EP4CE115F29C7      ;                    ;
; Top-level entity name                                                      ; projidea1          ; projidea1          ;
; Family name                                                                ; Cyclone IV E       ; Cyclone IV GX      ;
; Use smart compilation                                                      ; On                 ; Off                ;
; Optimization Technique                                                     ; Speed              ; Balanced           ;
; Enable parallel Assembler and TimeQuest Timing Analyzer during compilation ; On                 ; On                 ;
; Enable compact report table                                                ; Off                ; Off                ;
; Restructure Multiplexers                                                   ; Auto               ; Auto               ;
; Create Debugging Nodes for IP Cores                                        ; Off                ; Off                ;
; Preserve fewer node names                                                  ; On                 ; On                 ;
; Disable OpenCore Plus hardware evaluation                                  ; Off                ; Off                ;
; Verilog Version                                                            ; Verilog_2001       ; Verilog_2001       ;
; VHDL Version                                                               ; VHDL_1993          ; VHDL_1993          ;
; State Machine Processing                                                   ; Auto               ; Auto               ;
; Safe State Machine                                                         ; Off                ; Off                ;
; Extract Verilog State Machines                                             ; On                 ; On                 ;
; Extract VHDL State Machines                                                ; On                 ; On                 ;
; Ignore Verilog initial constructs                                          ; Off                ; Off                ;
; Iteration limit for constant Verilog loops                                 ; 5000               ; 5000               ;
; Iteration limit for non-constant Verilog loops                             ; 250                ; 250                ;
; Add Pass-Through Logic to Inferred RAMs                                    ; On                 ; On                 ;
; Infer RAMs from Raw Logic                                                  ; On                 ; On                 ;
; Parallel Synthesis                                                         ; On                 ; On                 ;
; DSP Block Balancing                                                        ; Auto               ; Auto               ;
; NOT Gate Push-Back                                                         ; On                 ; On                 ;
; Power-Up Don't Care                                                        ; On                 ; On                 ;
; Remove Redundant Logic Cells                                               ; Off                ; Off                ;
; Remove Duplicate Registers                                                 ; On                 ; On                 ;
; Ignore CARRY Buffers                                                       ; Off                ; Off                ;
; Ignore CASCADE Buffers                                                     ; Off                ; Off                ;
; Ignore GLOBAL Buffers                                                      ; Off                ; Off                ;
; Ignore ROW GLOBAL Buffers                                                  ; Off                ; Off                ;
; Ignore LCELL Buffers                                                       ; Off                ; Off                ;
; Ignore SOFT Buffers                                                        ; On                 ; On                 ;
; Limit AHDL Integers to 32 Bits                                             ; Off                ; Off                ;
; Carry Chain Length                                                         ; 70                 ; 70                 ;
; Auto Carry Chains                                                          ; On                 ; On                 ;
; Auto Open-Drain Pins                                                       ; On                 ; On                 ;
; Perform WYSIWYG Primitive Resynthesis                                      ; Off                ; Off                ;
; Auto ROM Replacement                                                       ; On                 ; On                 ;
; Auto RAM Replacement                                                       ; On                 ; On                 ;
; Auto DSP Block Replacement                                                 ; On                 ; On                 ;
; Auto Shift Register Replacement                                            ; Auto               ; Auto               ;
; Allow Shift Register Merging across Hierarchies                            ; Auto               ; Auto               ;
; Auto Clock Enable Replacement                                              ; On                 ; On                 ;
; Strict RAM Replacement                                                     ; Off                ; Off                ;
; Allow Synchronous Control Signals                                          ; On                 ; On                 ;
; Force Use of Synchronous Clear Signals                                     ; Off                ; Off                ;
; Auto RAM Block Balancing                                                   ; On                 ; On                 ;
; Auto RAM to Logic Cell Conversion                                          ; Off                ; Off                ;
; Auto Resource Sharing                                                      ; Off                ; Off                ;
; Allow Any RAM Size For Recognition                                         ; Off                ; Off                ;
; Allow Any ROM Size For Recognition                                         ; Off                ; Off                ;
; Allow Any Shift Register Size For Recognition                              ; Off                ; Off                ;
; Use LogicLock Constraints during Resource Balancing                        ; On                 ; On                 ;
; Ignore translate_off and synthesis_off directives                          ; Off                ; Off                ;
; Timing-Driven Synthesis                                                    ; On                 ; On                 ;
; Report Parameter Settings                                                  ; On                 ; On                 ;
; Report Source Assignments                                                  ; On                 ; On                 ;
; Report Connectivity Checks                                                 ; On                 ; On                 ;
; Ignore Maximum Fan-Out Assignments                                         ; Off                ; Off                ;
; Synchronization Register Chain Length                                      ; 2                  ; 2                  ;
; PowerPlay Power Optimization                                               ; Normal compilation ; Normal compilation ;
; HDL message level                                                          ; Level2             ; Level2             ;
; Suppress Register Optimization Related Messages                            ; Off                ; Off                ;
; Number of Removed Registers Reported in Synthesis Report                   ; 5000               ; 5000               ;
; Number of Swept Nodes Reported in Synthesis Report                         ; 5000               ; 5000               ;
; Number of Inverted Registers Reported in Synthesis Report                  ; 100                ; 100                ;
; Clock MUX Protection                                                       ; On                 ; On                 ;
; Auto Gated Clock Conversion                                                ; Off                ; Off                ;
; Block Design Naming                                                        ; Auto               ; Auto               ;
; SDC constraint protection                                                  ; Off                ; Off                ;
; Synthesis Effort                                                           ; Auto               ; Auto               ;
; Shift Register Replacement - Allow Asynchronous Clear Signal               ; On                 ; On                 ;
; Pre-Mapping Resynthesis Optimization                                       ; Off                ; Off                ;
; Analysis & Synthesis Message Level                                         ; Medium             ; Medium             ;
; Disable Register Merging Across Hierarchies                                ; Auto               ; Auto               ;
; Resource Aware Inference For Block RAM                                     ; On                 ; On                 ;
; Synthesis Seed                                                             ; 1                  ; 1                  ;
+----------------------------------------------------------------------------+--------------------+--------------------+


+------------------------------------------+
; Parallel Compilation                     ;
+----------------------------+-------------+
; Processors                 ; Number      ;
+----------------------------+-------------+
; Number detected on machine ; 8           ;
; Maximum allowed            ; 4           ;
;                            ;             ;
; Average used               ; 1.00        ;
; Maximum used               ; 4           ;
;                            ;             ;
; Usage by Processor         ; % Time Used ;
;     Processor 1            ; 100.0%      ;
;     Processors 2-4         ; < 0.1%      ;
;     Processors 5-8         ;   0.0%      ;
+----------------------------+-------------+


+-------------------------------------------------------------------------------------------------------------------------+
; Analysis & Synthesis Source Files Read                                                                                  ;
+----------------------------------+-----------------+------------------------+---------------------------------+---------+
; File Name with User-Entered Path ; Used in Netlist ; File Type              ; File Name with Absolute Path    ; Library ;
+----------------------------------+-----------------+------------------------+---------------------------------+---------+
; projidea1.v                      ; yes             ; User Verilog HDL File  ; M:/ece287/projidea1/projidea1.v ;         ;
+----------------------------------+-----------------+------------------------+---------------------------------+---------+


+---------------------------------------------------------+
; Analysis & Synthesis Resource Usage Summary             ;
+---------------------------------------------+-----------+
; Resource                                    ; Usage     ;
+---------------------------------------------+-----------+
; Estimated Total logic elements              ; 465       ;
;                                             ;           ;
; Total combinational functions               ; 432       ;
; Logic element usage by number of LUT inputs ;           ;
;     -- 4 input functions                    ; 198       ;
;     -- 3 input functions                    ; 53        ;
;     -- <=2 input functions                  ; 181       ;
;                                             ;           ;
; Logic elements by mode                      ;           ;
;     -- normal mode                          ; 327       ;
;     -- arithmetic mode                      ; 105       ;
;                                             ;           ;
; Total registers                             ; 166       ;
;     -- Dedicated logic registers            ; 166       ;
;     -- I/O registers                        ; 0         ;
;                                             ;           ;
; I/O pins                                    ; 60        ;
; Embedded Multiplier 9-bit elements          ; 0         ;
; Maximum fan-out node                        ; rst~input ;
; Maximum fan-out                             ; 166       ;
; Total fan-out                               ; 2122      ;
; Average fan-out                             ; 2.94      ;
+---------------------------------------------+-----------+


+---------------------------------------------------------------------------------------------------------------------------------------------------------------------------------------+
; Analysis & Synthesis Resource Utilization by Entity                                                                                                                                   ;
+----------------------------+-------------------+--------------+-------------+--------------+---------+-----------+------+--------------+-------------------------------+--------------+
; Compilation Hierarchy Node ; LC Combinationals ; LC Registers ; Memory Bits ; DSP Elements ; DSP 9x9 ; DSP 18x18 ; Pins ; Virtual Pins ; Full Hierarchy Name           ; Library Name ;
+----------------------------+-------------------+--------------+-------------+--------------+---------+-----------+------+--------------+-------------------------------+--------------+
; |projidea1                 ; 432 (338)         ; 166 (102)    ; 0           ; 0            ; 0       ; 0         ; 60   ; 0            ; |projidea1                    ; work         ;
;    |VGA_gen:gen1|          ; 44 (44)           ; 20 (20)      ; 0           ; 0            ; 0       ; 0         ; 0    ; 0            ; |projidea1|VGA_gen:gen1       ; work         ;
;    |clk_reduce:reduce1|    ; 1 (1)             ; 2 (2)        ; 0           ; 0            ; 0       ; 0         ; 0    ; 0            ; |projidea1|clk_reduce:reduce1 ; work         ;
;    |keyboard:kbIn|         ; 49 (49)           ; 42 (42)      ; 0           ; 0            ; 0       ; 0         ; 0    ; 0            ; |projidea1|keyboard:kbIn      ; work         ;
+----------------------------+-------------------+--------------+-------------+--------------+---------+-----------+------+--------------+-------------------------------+--------------+
Note: For table entries with two numbers listed, the numbers in parentheses indicate the number of resources of the given type used by the specific entity alone. The numbers listed outside of parentheses indicate the total resources of the given type used by the specific entity and all of its sub-entities in the hierarchy.


Encoding Type:  One-Hot
+----------------------------------------------------------+
; State Machine - |projidea1|keyboard:kbIn|state           ;
+---------------+-------------+------------+---------------+
; Name          ; state.ready ; state.idle ; state.receive ;
+---------------+-------------+------------+---------------+
; state.idle    ; 0           ; 0          ; 0             ;
; state.receive ; 0           ; 1          ; 1             ;
; state.ready   ; 1           ; 1          ; 0             ;
+---------------+-------------+------------+---------------+


+---------------------------------------------------------------------------------+
; Registers Removed During Synthesis                                              ;
+----------------------------------------+----------------------------------------+
; Register name                          ; Reason for Removal                     ;
+----------------------------------------+----------------------------------------+
; writeR[1..7]                           ; Stuck at GND due to stuck port data_in ;
; writeG[1..7]                           ; Stuck at GND due to stuck port data_in ;
; writeB[1..7]                           ; Stuck at GND due to stuck port data_in ;
; backgroundR[1..7]                      ; Stuck at GND due to stuck port data_in ;
; backgroundG[1..7]                      ; Stuck at GND due to stuck port data_in ;
; backgroundB[1..7]                      ; Stuck at GND due to stuck port data_in ;
; keyboard:kbIn|state.ready              ; Lost fanout                            ;
; Total Number of Removed Registers = 43 ;                                        ;
+----------------------------------------+----------------------------------------+


+------------------------------------------------------+
; General Register Statistics                          ;
+----------------------------------------------+-------+
; Statistic                                    ; Value ;
+----------------------------------------------+-------+
; Total registers                              ; 166   ;
; Number of registers using Synchronous Clear  ; 54    ;
; Number of registers using Synchronous Load   ; 21    ;
; Number of registers using Asynchronous Clear ; 166   ;
; Number of registers using Asynchronous Load  ; 0     ;
; Number of registers using Clock Enable       ; 126   ;
; Number of registers using Preset             ; 0     ;
+----------------------------------------------+-------+


+---------------------------------------------------+
; Inverted Register Statistics                      ;
+-----------------------------------------+---------+
; Inverted Register                       ; Fan out ;
+-----------------------------------------+---------+
; writeR[0]                               ; 4       ;
; writeG[0]                               ; 4       ;
; writeB[0]                               ; 4       ;
; resetram                                ; 52      ;
; prev_writex[6]                          ; 1       ;
; prev_writex[8]                          ; 1       ;
; prev_writey[4]                          ; 1       ;
; prev_writey[5]                          ; 1       ;
; prev_writey[6]                          ; 1       ;
; prev_writey[7]                          ; 1       ;
; keyboard:kbIn|rxregister[4]             ; 2       ;
; keyboard:kbIn|rxregister[0]             ; 3       ;
; keyboard:kbIn|rxregister[6]             ; 2       ;
; keyboard:kbIn|rxregister[8]             ; 2       ;
; keyboard:kbIn|rxregister[7]             ; 2       ;
; keyboard:kbIn|rxregister[3]             ; 2       ;
; keyboard:kbIn|rxregister[1]             ; 2       ;
; keyboard:kbIn|rxregister[5]             ; 2       ;
; keyboard:kbIn|rxregister[2]             ; 2       ;
; keyboard:kbIn|clksr[1]                  ; 3       ;
; keyboard:kbIn|clksr[0]                  ; 2       ;
; keyboard:kbIn|datasr[1]                 ; 3       ;
; keyboard:kbIn|rxregister[9]             ; 1       ;
; keyboard:kbIn|datasr[0]                 ; 1       ;
; keyboard:kbIn|rxregister[10]            ; 1       ;
; Total number of inverted registers = 25 ;         ;
+-----------------------------------------+---------+


+-------------------------------------------------------------------------------------------------------------------------------------------------------+
; Multiplexer Restructuring Statistics (Restructuring Performed)                                                                                        ;
+--------------------+-----------+---------------+----------------------+------------------------+------------+-----------------------------------------+
; Multiplexer Inputs ; Bus Width ; Baseline Area ; Area if Restructured ; Saving if Restructured ; Registered ; Example Multiplexer Output              ;
+--------------------+-----------+---------------+----------------------+------------------------+------------+-----------------------------------------+
; 3:1                ; 6 bits    ; 12 LEs        ; 6 LEs                ; 6 LEs                  ; Yes        ; |projidea1|blink[2]                     ;
; 4:1                ; 32 bits   ; 64 LEs        ; 32 LEs               ; 32 LEs                 ; Yes        ; |projidea1|counter[13]                  ;
; 15:1               ; 10 bits   ; 100 LEs       ; 20 LEs               ; 80 LEs                 ; Yes        ; |projidea1|writey[3]                    ;
; 15:1               ; 10 bits   ; 100 LEs       ; 20 LEs               ; 80 LEs                 ; Yes        ; |projidea1|writex[5]                    ;
; 3:1                ; 11 bits   ; 22 LEs        ; 11 LEs               ; 11 LEs                 ; Yes        ; |projidea1|keyboard:kbIn|rxregister[10] ;
; 3:1                ; 20 bits   ; 40 LEs        ; 20 LEs               ; 20 LEs                 ; No         ; |projidea1|sram_addr                    ;
; 4:1                ; 3 bits    ; 6 LEs         ; 3 LEs                ; 3 LEs                  ; No         ; |projidea1|VGA_G                        ;
; 4:1                ; 3 bits    ; 6 LEs         ; 3 LEs                ; 3 LEs                  ; No         ; |projidea1|VGA_R                        ;
; 5:1                ; 3 bits    ; 9 LEs         ; 6 LEs                ; 3 LEs                  ; No         ; |projidea1|VGA_G                        ;
; 7:1                ; 3 bits    ; 12 LEs        ; 9 LEs                ; 3 LEs                  ; No         ; |projidea1|keyboard:kbIn|Selector1      ;
+--------------------+-----------+---------------+----------------------+------------------------+------------+-----------------------------------------+


+------------------------------------------------------------+
; Parameter Settings for User Entity Instance: keyboard:kbIn ;
+----------------+-------+-----------------------------------+
; Parameter Name ; Value ; Type                              ;
+----------------+-------+-----------------------------------+
; idle           ; 01    ; Unsigned Binary                   ;
; receive        ; 10    ; Unsigned Binary                   ;
; ready          ; 11    ; Unsigned Binary                   ;
+----------------+-------+-----------------------------------+
Note: In order to hide this table in the UI and the text report file, please set the "Show Parameter Settings in Synthesis Report" option in "Analysis and Synthesis Settings -> More Settings" to "Off".


+-----------------------------------------------------------------------------------------------------------------------+
; Port Connectivity Checks: "VGA_gen:gen1"                                                                              ;
+-------------+--------+----------+-------------------------------------------------------------------------------------+
; Port        ; Type   ; Severity ; Details                                                                             ;
+-------------+--------+----------+-------------------------------------------------------------------------------------+
; displayArea ; Output ; Info     ; Connected to dangling logic. Logic that only feeds a dangling port will be removed. ;
+-------------+--------+----------+-------------------------------------------------------------------------------------+


+-----------------------------------------------------+
; Post-Synthesis Netlist Statistics for Top Partition ;
+-----------------------+-----------------------------+
; Type                  ; Count                       ;
+-----------------------+-----------------------------+
; boundary_port         ; 60                          ;
; cycloneiii_ff         ; 166                         ;
;     CLR               ; 23                          ;
;     CLR SCLR          ; 16                          ;
;     CLR SLD           ; 1                           ;
;     ENA CLR           ; 68                          ;
;     ENA CLR SCLR      ; 38                          ;
;     ENA CLR SLD       ; 20                          ;
; cycloneiii_io_obuf    ; 3                           ;
; cycloneiii_lcell_comb ; 434                         ;
;     arith             ; 105                         ;
;         2 data inputs ; 105                         ;
;     normal            ; 329                         ;
;         0 data inputs ; 1                           ;
;         1 data inputs ; 30                          ;
;         2 data inputs ; 47                          ;
;         3 data inputs ; 53                          ;
;         4 data inputs ; 198                         ;
;                       ;                             ;
; Max LUT depth         ; 7.00                        ;
; Average LUT depth     ; 4.13                        ;
+-----------------------+-----------------------------+


+-------------------------------+
; Elapsed Time Per Partition    ;
+----------------+--------------+
; Partition Name ; Elapsed Time ;
+----------------+--------------+
; Top            ; 00:00:02     ;
+----------------+--------------+


+-------------------------------+
; Analysis & Synthesis Messages ;
+-------------------------------+
Info: *******************************************************************
Info: Running Quartus II 64-Bit Analysis & Synthesis
    Info: Version 14.0.0 Build 200 06/17/2014 SJ Web Edition
    Info: Processing started: Fri Dec 16 09:32:15 2016
Info: Command: quartus_map --read_settings_files=on --write_settings_files=off projidea1 -c projidea1
Info (11104): Parallel Compilation has detected 8 hyper-threaded processors. However, the extra hyper-threaded processors will not be used by default. Parallel Compilation will use 4 of the 4 physical processors detected instead.
Warning (10238): Verilog Module Declaration warning at projidea1.v(1): ignored anonymous port(s) indicated by duplicate or dangling comma(s) in the port list for module "projidea1"
Info (12021): Found 4 design units, including 4 entities, in source file projidea1.v
    Info (12023): Found entity 1: projidea1
    Info (12023): Found entity 2: keyboard
    Info (12023): Found entity 3: clk_reduce
    Info (12023): Found entity 4: VGA_gen
Info (12127): Elaborating entity "projidea1" for the top level hierarchy
Warning (10230): Verilog HDL assignment warning at projidea1.v(140): truncated value with size 32 to match size of target (10)
Warning (10230): Verilog HDL assignment warning at projidea1.v(144): truncated value with size 32 to match size of target (10)
Warning (10230): Verilog HDL assignment warning at projidea1.v(167): truncated value with size 32 to match size of target (10)
Warning (10230): Verilog HDL assignment warning at projidea1.v(171): truncated value with size 32 to match size of target (10)
Warning (10230): Verilog HDL assignment warning at projidea1.v(175): truncated value with size 32 to match size of target (10)
Warning (10230): Verilog HDL assignment warning at projidea1.v(179): truncated value with size 32 to match size of target (10)
Warning (10230): Verilog HDL assignment warning at projidea1.v(183): truncated value with size 32 to match size of target (10)
Warning (10230): Verilog HDL assignment warning at projidea1.v(184): truncated value with size 32 to match size of target (10)
Warning (10230): Verilog HDL assignment warning at projidea1.v(188): truncated value with size 32 to match size of target (10)
Warning (10230): Verilog HDL assignment warning at projidea1.v(189): truncated value with size 32 to match size of target (10)
Warning (10230): Verilog HDL assignment warning at projidea1.v(193): truncated value with size 32 to match size of target (10)
Warning (10230): Verilog HDL assignment warning at projidea1.v(194): truncated value with size 32 to match size of target (10)
Warning (10230): Verilog HDL assignment warning at projidea1.v(198): truncated value with size 32 to match size of target (10)
Warning (10230): Verilog HDL assignment warning at projidea1.v(199): truncated value with size 32 to match size of target (10)
Warning (10230): Verilog HDL assignment warning at projidea1.v(218): truncated value with size 32 to match size of target (6)
Warning (10230): Verilog HDL assignment warning at projidea1.v(223): truncated value with size 32 to match size of target (1)
Warning (10230): Verilog HDL assignment warning at projidea1.v(224): truncated value with size 32 to match size of target (1)
Warning (10230): Verilog HDL assignment warning at projidea1.v(225): truncated value with size 32 to match size of target (1)
Warning (10230): Verilog HDL assignment warning at projidea1.v(264): truncated value with size 64 to match size of target (8)
Warning (10230): Verilog HDL assignment warning at projidea1.v(265): truncated value with size 64 to match size of target (8)
Warning (10230): Verilog HDL assignment warning at projidea1.v(266): truncated value with size 64 to match size of target (8)
Info (12128): Elaborating entity "clk_reduce" for hierarchy "clk_reduce:reduce1"
Info (12128): Elaborating entity "VGA_gen" for hierarchy "VGA_gen:gen1"
Warning (10230): Verilog HDL assignment warning at projidea1.v(436): truncated value with size 32 to match size of target (10)
Warning (10230): Verilog HDL assignment warning at projidea1.v(439): truncated value with size 32 to match size of target (10)
Critical Warning (10237): Verilog HDL warning at projidea1.v(440): can't infer register for assignment in edge-triggered always construct because the clock isn't obvious. Generated combinational logic instead
Critical Warning (10237): Verilog HDL warning at projidea1.v(441): can't infer register for assignment in edge-triggered always construct because the clock isn't obvious. Generated combinational logic instead
Critical Warning (10237): Verilog HDL warning at projidea1.v(442): can't infer register for assignment in edge-triggered always construct because the clock isn't obvious. Generated combinational logic instead
Info (12128): Elaborating entity "keyboard" for hierarchy "keyboard:kbIn"
Warning (10036): Verilog HDL or VHDL warning at projidea1.v(308): object "dataready" assigned a value but never read
Warning (10230): Verilog HDL assignment warning at projidea1.v(323): truncated value with size 32 to match size of target (16)
Info (286030): Timing-Driven Synthesis is running
Info (13000): Registers with preset signals will power-up high
Info (13003): DEV_CLRn pin will set, and not reset, register with preset signal due to NOT Gate Push-Back
Warning (13024): Output pins are stuck at VCC or GND
    Warning (13410): Pin "sram_ce" is stuck at GND
    Warning (13410): Pin "sram_oe" is stuck at GND
    Warning (13410): Pin "sram_lb" is stuck at GND
    Warning (13410): Pin "sram_ub" is stuck at GND
Info (17049): 1 registers lost all their fanouts during netlist optimizations.
Warning (20013): Ignored assignments for entity "Snake" -- entity does not exist in design
    Warning (20014): Assignment for entity set_instance_assignment -name PARTITION_HIERARCHY root_partition -to | -entity Snake -section_id Top was ignored
    Warning (20014): Assignment for entity set_global_assignment -name PARTITION_NETLIST_TYPE SOURCE -entity Snake -section_id Top was ignored
    Warning (20014): Assignment for entity set_global_assignment -name PARTITION_FITTER_PRESERVATION_LEVEL PLACEMENT_AND_ROUTING -entity Snake -section_id Top was ignored
    Warning (20014): Assignment for entity set_global_assignment -name PARTITION_PRESERVE_HIGH_SPEED_TILES ON -entity Snake -section_id Top was ignored
    Warning (20014): Assignment for entity set_global_assignment -name PARTITION_IGNORE_SOURCE_FILE_CHANGES OFF -entity Snake -section_id Top was ignored
    Warning (20014): Assignment for entity set_global_assignment -name PARTITION_ALWAYS_USE_QXP_NETLIST OFF -entity Snake -section_id Top was ignored
    Warning (20014): Assignment for entity set_global_assignment -name PARTITION_COLOR 16764057 -entity Snake -section_id Top was ignored
    Warning (20014): Assignment for entity set_global_assignment -name PARTITION_IMPORT_ASSIGNMENTS ON -entity Snake -section_id Top was ignored
    Warning (20014): Assignment for entity set_global_assignment -name PARTITION_IMPORT_EXISTING_ASSIGNMENTS REPLACE_CONFLICTING -entity Snake -section_id Top was ignored
    Warning (20014): Assignment for entity set_global_assignment -name PARTITION_IMPORT_EXISTING_LOGICLOCK_REGIONS UPDATE_CONFLICTING -entity Snake -section_id Top was ignored
    Warning (20014): Assignment for entity set_global_assignment -name PARTITION_IMPORT_PIN_ASSIGNMENTS ON -entity Snake -section_id Top was ignored
    Warning (20014): Assignment for entity set_global_assignment -name PARTITION_IMPORT_PROMOTE_ASSIGNMENTS ON -entity Snake -section_id Top was ignored
    Warning (20014): Assignment for entity set_global_assignment -name PARTITION_TYPE STANDARD_PARTITION -entity Snake -section_id Top was ignored
    Warning (20014): Assignment for entity set_global_assignment -name ALLOW_MULTIPLE_PERSONAS OFF -entity Snake -section_id Top was ignored
    Warning (20014): Assignment for entity set_global_assignment -name PARTITION_ASD_REGION_ID 1 -entity Snake -section_id Top was ignored
    Warning (20014): Assignment for entity set_global_assignment -name CROSS_BOUNDARY_OPTIMIZATIONS OFF -entity Snake -section_id Top was ignored
    Warning (20014): Assignment for entity set_global_assignment -name PROPAGATE_CONSTANTS_ON_INPUTS ON -entity Snake -section_id Top was ignored
    Warning (20014): Assignment for entity set_global_assignment -name PROPAGATE_INVERSIONS_ON_INPUTS ON -entity Snake -section_id Top was ignored
    Warning (20014): Assignment for entity set_global_assignment -name REMOVE_LOGIC_ON_UNCONNECTED_OUTPUTS ON -entity Snake -section_id Top was ignored
    Warning (20014): Assignment for entity set_global_assignment -name MERGE_EQUIVALENT_INPUTS ON -entity Snake -section_id Top was ignored
    Warning (20014): Assignment for entity set_global_assignment -name MERGE_EQUIVALENT_BIDIRS ON -entity Snake -section_id Top was ignored
    Warning (20014): Assignment for entity set_global_assignment -name ABSORB_PATHS_FROM_OUTPUTS_TO_INPUTS ON -entity Snake -section_id Top was ignored
    Warning (20014): Assignment for entity set_global_assignment -name PARTITION_EXTRACT_HARD_BLOCK_NODES ON -entity Snake -section_id Top was ignored
    Warning (20014): Assignment for entity set_global_assignment -name PARTITION_ENABLE_STRICT_PRESERVATION OFF -entity Snake -section_id Top was ignored
Info (144001): Generated suppressed messages file M:/ece287/projidea1/output_files/projidea1.map.smsg
Info (16010): Generating hard_block partition "hard_block:auto_generated_inst"
    Info (16011): Adding 0 node(s), including 0 DDIO, 0 PLL, 0 transceiver and 0 LCELL
Info (21057): Implemented 526 device resources after synthesis - the final resource count might be different
    Info (21058): Implemented 4 input pins
    Info (21059): Implemented 53 output pins
    Info (21060): Implemented 3 bidirectional pins
    Info (21061): Implemented 466 logic cells
Info: Quartus II 64-Bit Analysis & Synthesis was successful. 0 errors, 59 warnings
    Info: Peak virtual memory: 599 megabytes
    Info: Processing ended: Fri Dec 16 09:32:21 2016
    Info: Elapsed time: 00:00:06
    Info: Total CPU time (on all processors): 00:00:03


+------------------------------------------+
; Analysis & Synthesis Suppressed Messages ;
+------------------------------------------+
The suppressed messages can be found in M:/ece287/projidea1/output_files/projidea1.map.smsg.


